   33459ns      376 M 000000fff1010000 0 0010041b addiw          s0, 1                 s0  :0000000000000001
   33888ns      805 M 000000fff1010004 0 0000047e c.slli         s0, s0, 31            s0  :0000000080000000 s0  :0000000000000001
   34320ns     1237 M 000000fff1010006 0 f1402573 csrr           a0, mhartid           a0  :0000000000000000
   34748ns     1665 M 000000fff101000a 0 00000597 auipc          a1, 0x0               a1  :000000fff101000a
   35177ns     2094 M 000000fff101000e 0 07658593 addi           a1, a1, 118           a1  :000000fff1010080 a1  :000000fff101000a
   35178ns     2095 M 000000fff1010012 1 00008402 c.jr           x0, s0, 0             s0  :0000000080000000
   35603ns     2520 M 0000000080000000 0 00004081 c.li           ra, 0                 ra  :0000000000000000
   35604ns     2521 M 0000000080000002 0 00004101 c.li           sp, 0                 sp  :0000000000000000
   35605ns     2522 M 0000000080000004 0 00004181 c.li           gp, 0                 gp  :0000000000000000
   35606ns     2523 M 0000000080000006 0 00004201 c.li           tp, 0                 tp  :0000000000000000
   35607ns     2524 M 0000000080000008 0 00004281 c.li           t0, 0                 t0  :0000000000000000
   35608ns     2525 M 000000008000000a 0 00004301 c.li           t1, 0                 t1  :0000000000000000
   35609ns     2526 M 000000008000000c 0 00004381 c.li           t2, 0                 t2  :0000000000000000
   35610ns     2527 M 000000008000000e 0 00004401 c.li           s0, 0                 s0  :0000000000000000
   35611ns     2528 M 0000000080000010 0 00004481 c.li           s1, 0                 s1  :0000000000000000
   35612ns     2529 M 0000000080000012 0 00004501 c.li           a0, 0                 a0  :0000000000000000
   35613ns     2530 M 0000000080000014 0 00004581 c.li           a1, 0                 a1  :0000000000000000
   35614ns     2531 M 0000000080000016 0 00004601 c.li           a2, 0                 a2  :0000000000000000
   35615ns     2532 M 0000000080000018 0 00004681 c.li           a3, 0                 a3  :0000000000000000
   35616ns     2533 M 000000008000001a 0 00004701 c.li           a4, 0                 a4  :0000000000000000
   35617ns     2534 M 000000008000001c 0 00004781 c.li           a5, 0                 a5  :0000000000000000
   35618ns     2535 M 000000008000001e 0 00004801 c.li           a6, 0                 a6  :0000000000000000
   35641ns     2558 M 0000000080000020 0 00004881 c.li           a7, 0                 a7  :0000000000000000
   35642ns     2559 M 0000000080000022 0 00004901 c.li           s2, 0                 s2  :0000000000000000
   35643ns     2560 M 0000000080000024 0 00004981 c.li           s3, 0                 s3  :0000000000000000
   35644ns     2561 M 0000000080000026 0 00004a01 c.li           s4, 0                 s4  :0000000000000000
   35645ns     2562 M 0000000080000028 0 00004a81 c.li           s5, 0                 s5  :0000000000000000
   35646ns     2563 M 000000008000002a 0 00004b01 c.li           s6, 0                 s6  :0000000000000000
   35647ns     2564 M 000000008000002c 0 00004b81 c.li           s7, 0                 s7  :0000000000000000
   35648ns     2565 M 000000008000002e 0 00004c01 c.li           s8, 0                 s8  :0000000000000000
   35649ns     2566 M 0000000080000030 0 00004c81 c.li           s9, 0                 s9  :0000000000000000
   35650ns     2567 M 0000000080000032 0 00004d01 c.li          s10, 0                 s10 :0000000000000000
   35651ns     2568 M 0000000080000034 0 00004d81 c.li          s11, 0                 s11 :0000000000000000
   35652ns     2569 M 0000000080000036 0 00004e01 c.li           t3, 0                 t3  :0000000000000000
   35653ns     2570 M 0000000080000038 0 00004e81 c.li           t4, 0                 t4  :0000000000000000
   35654ns     2571 M 000000008000003a 0 00004f01 c.li           t5, 0                 t5  :0000000000000000
   35655ns     2572 M 000000008000003c 0 00004f81 c.li           t6, 0                 t6  :0000000000000000
   35656ns     2573 M 000000008000003e 0 000062f9 c.lui          t0, 0x1e              t0  :000000000001e000
   35891ns     2808 M 0000000080000040 0 3002a073 csrrs          t0, mstatus           t0  :000000000001e000
   35898ns     2815 M 0000000080000044 0 00004285 c.li           t0, 1                 t0  :0000000000000001
   35900ns     2817 M 0000000080000046 0 000002fe c.slli         t0, t0, 31            t0  :0000000080000000 t0  :0000000000000001
   35901ns     2818 M 0000000080000048 1 0002d863 bgez           t0, pc + 16           t0  :0000000080000000
   35907ns     2824 M 0000000080000058 0 00000297 auipc          t0, 0x0               t0  :0000000080000058
   35909ns     2826 M 000000008000005c 0 09028293 addi           t0, t0, 144           t0  :00000000800000e8 t0  :0000000080000058
   35937ns     2854 M 0000000080000060 0 30529073 csrw           t0, mtvec             t0  :00000000800000e8
   35939ns     2856 M 0000000080000064 0 00301073 csrw           x0, fcsr             
   35947ns     2864 M 0000000080000068 0 f0000053                                      ft0 :ffffffff00000000
   35948ns     2865 M 000000008000006c 0 f00000d3                                      ft1 :ffffffff00000000
   35949ns     2866 M 0000000080000070 0 f0000153                                      ft2 :ffffffff00000000
   35950ns     2867 M 0000000080000074 0 f00001d3                                      ft3 :ffffffff00000000
   35951ns     2868 M 0000000080000078 0 f0000253                                      ft4 :ffffffff00000000
   35952ns     2869 M 000000008000007c 0 f00002d3                                      ft5 :ffffffff00000000
   36178ns     3095 M 0000000080000080 0 f0000353                                      ft6 :ffffffff00000000
   36180ns     3097 M 0000000080000084 0 f00003d3                                      ft7 :ffffffff00000000
   36181ns     3098 M 0000000080000088 0 f0000453                                      fs0 :ffffffff00000000
   36182ns     3099 M 000000008000008c 0 f00004d3                                      fs1 :ffffffff00000000
   36183ns     3100 M 0000000080000090 0 f0000553                                      fa0 :ffffffff00000000
   36184ns     3101 M 0000000080000094 0 f00005d3                                      fa1 :ffffffff00000000
   36185ns     3102 M 0000000080000098 0 f0000653                                      fa2 :ffffffff00000000
   36186ns     3103 M 000000008000009c 0 f00006d3                                      fa3 :ffffffff00000000
   36212ns     3129 M 00000000800000a0 0 f0000753                                      fa4 :ffffffff00000000
   36214ns     3131 M 00000000800000a4 0 f00007d3                                      fa5 :ffffffff00000000
   36215ns     3132 M 00000000800000a8 0 f0000853                                      fa6 :ffffffff00000000
   36216ns     3133 M 00000000800000ac 0 f00008d3                                      fa7 :ffffffff00000000
   36217ns     3134 M 00000000800000b0 0 f0000953                                      fs2 :ffffffff00000000
   36218ns     3135 M 00000000800000b4 0 f00009d3                                      fs3 :ffffffff00000000
   36219ns     3136 M 00000000800000b8 0 f0000a53                                      fs4 :ffffffff00000000
   36220ns     3137 M 00000000800000bc 0 f0000ad3                                      fs5 :ffffffff00000000
   36458ns     3375 M 00000000800000c0 0 f0000b53                                      fs6 :ffffffff00000000
   36460ns     3377 M 00000000800000c4 0 f0000bd3                                      fs7 :ffffffff00000000
   36461ns     3378 M 00000000800000c8 0 f0000c53                                      fs8 :ffffffff00000000
   36462ns     3379 M 00000000800000cc 0 f0000cd3                                      fs9 :ffffffff00000000
   36463ns     3380 M 00000000800000d0 0 f0000d53                                      fs10:ffffffff00000000
   36464ns     3381 M 00000000800000d4 0 f0000dd3                                      fs11:ffffffff00000000
   36465ns     3382 M 00000000800000d8 0 f0000e53                                      ft8 :ffffffff00000000
   36466ns     3383 M 00000000800000dc 0 f0000ed3                                      ft9 :ffffffff00000000
   36495ns     3412 M 00000000800000e0 0 f0000f53                                      ft10:ffffffff00000000
   36497ns     3414 M 00000000800000e4 0 f0000fd3                                      ft11:ffffffff00000000
   36497ns     3414 M 00000000800000e8 0 00000297 auipc          t0, 0x0               t0  :00000000800000e8
   36499ns     3416 M 00000000800000ec 0 03828293 addi           t0, t0, 56            t0  :0000000080000120 t0  :00000000800000e8
   36500ns     3417 M 00000000800000f0 0 30529073 csrw           t0, mtvec             t0  :0000000080000120
   36502ns     3419 M 00000000800000f4 0 00001197 auipc          gp, 0x1               gp  :00000000800010f4
   36504ns     3421 M 00000000800000f8 0 15418193 addi           gp, gp, 340           gp  :0000000080001248 gp  :00000000800010f4
   36505ns     3422 M 00000000800000fc 0 a7718213 addi           tp, gp, -1417         tp  :0000000080000cbf gp  :0000000080001248
   36729ns     3646 M 0000000080000100 0 fc027213 andi           tp, tp, -64           tp  :0000000080000c80 tp  :0000000080000cbf
   36731ns     3648 M 0000000080000104 0 f1402573 csrr           a0, mhartid           a0  :0000000000000000
   36733ns     3650 M 0000000080000108 0 00004589 c.li           a1, 2                 a1  :0000000000000002
   36734ns     3651 M 000000008000010a 0 00b57063 bgeu           a0, a1, pc - 0        a0  :0000000000000000 a1  :0000000000000002
   36735ns     3652 M 000000008000010e 0 01151613 slli           a2, a0, 0x11          a2  :0000000000000000 a0  :0000000000000000
   36736ns     3653 M 0000000080000112 0 00009232 c.add          tp, tp, a2            tp  :0000000080000c80 tp  :0000000080000c80 a2  :0000000000000000
   36737ns     3654 M 0000000080000114 0 00150113 addi           sp, a0, 1             sp  :0000000000000001 a0  :0000000000000000
   36739ns     3656 M 0000000080000118 0 00000146 c.slli         sp, sp, 17            sp  :0000000000020000 sp  :0000000000000001
   36741ns     3658 M 000000008000011a 0 00009112 c.add          sp, sp, tp            sp  :0000000080020c80 sp  :0000000000020000 tp  :0000000080000c80
   36742ns     3659 M 000000008000011c 0 6060006f j              pc + 1542            
   36971ns     3888 M 0000000080000722 0 0ff5f713 andi           a4, a1, 255           a4  :0000000000000002 a1  :0000000000000002
   36972ns     3889 M 0000000080000726 0 00007131 c.lui          sp, 0xfffff           sp  :0000000080020bc0
   36973ns     3890 M 0000000080000728 0 0087171b slliw          a4, a4, 0x8           a4  :0000000000000200 a4  :0000000000000002
   36974ns     3891 M 000000008000072c 0 0ff57793 andi           a5, a0, 255           a5  :0000000000000000 a0  :0000000000000000
   36976ns     3893 M 0000000080000730 0 00008fd9 c.or           a5, a5, a4            a5  :0000000000000200 a5  :0000000000000000 a4  :0000000000000200
   36978ns     3895 M 0000000080000732 0 0000f922 c.sdsp         s0, 176(sp)           s0  :0000000000000000 sp  :0000000080020bc0 VA: 0000000080020c70 PA: 00000080020c70
   36979ns     3896 M 0000000080000734 0 0000f526 c.sdsp         s1, 168(sp)           s1  :0000000000000000 sp  :0000000080020bc0 VA: 0000000080020c68 PA: 00000080020c68
   36979ns     3896 M 0000000080000736 0 0000842e c.mv           s0, x0, a1            s0  :0000000000000002 a1  :0000000000000002
   36980ns     3897 M 0000000080000738 0 000084aa c.mv           s1, x0, a0            s1  :0000000000000000 a0  :0000000000000000
   36981ns     3898 M 000000008000073a 0 0000002c c.addi4spn     a1, sp, 8             a1  :0000000080020bc8 sp  :0000000080020bc0
   36982ns     3899 M 000000008000073c 0 00004509 c.li           a0, 2                 a0  :0000000000000002
   36984ns     3901 M 000000008000073e 0 0000f14a c.sdsp         s2, 160(sp)           s2  :0000000000000000 sp  :0000000080020bc0 VA: 0000000080020c60 PA: 00000080020c60
   37212ns     4129 M 0000000080000740 0 0000ed4e c.sdsp         s3, 152(sp)           s3  :0000000000000000 sp  :0000000080020bc0 VA: 0000000080020c58 PA: 00000080020c58
   37214ns     4131 M 0000000080000742 0 00f11023 sh             a5, 0(sp)             a5  :0000000000000200 sp  :0000000080020bc0 VA: 0000000080020bc0 PA: 00000080020bc0
   37215ns     4132 M 0000000080000746 0 0000fd06 c.sdsp         ra, 184(sp)           ra  :0000000000000000 sp  :0000000080020bc0 VA: 0000000080020c78 PA: 00000080020c78
   37216ns     4133 M 0000000080000748 0 0000e952 c.sdsp         s4, 144(sp)           s4  :0000000000000000 sp  :0000000080020bc0 VA: 0000000080020c50 PA: 00000080020c50
   37217ns     4134 M 000000008000074a 0 0000e556 c.sdsp         s5, 136(sp)           s5  :0000000000000000 sp  :0000000080020bc0 VA: 0000000080020c48 PA: 00000080020c48
   37217ns     4134 M 000000008000074c 0 04f10913 addi           s2, sp, 79            s2  :0000000080020c0f sp  :0000000080020bc0
   37219ns     4136 M 0000000080000750 0 0000e40a c.sdsp         sp, 8(sp)             sp  :0000000080020bc0 sp  :0000000080020bc0 VA: 0000000080020bc8 PA: 00000080020bc8
   37219ns     4136 M 0000000080000752 0 1fe000ef jal            ra, 510               ra  :0000000080000756
   37860ns     4777 M 0000000080000950 0 00001101 c.addi         sp, sp, -32           sp  :0000000080020ba0 sp  :0000000080020bc0
   37861ns     4778 M 0000000080000952 0 00004795 c.li           a5, 5                 a5  :0000000000000005
   38082ns     4999 M 0000000080000954 0 00006198 c.ld           a4, 0(a1)             a4  :0000000080020bc0 a1  :0000000080020bc8 VA: 0000000080020bc8 PA: 00000080020bc8
   38083ns     5000 M 0000000080000956 0 0000c23e c.swsp         a5, 4(sp)             a5  :0000000000000005 sp  :0000000080020ba0 VA: 0000000080020ba4 PA: 00000080020ba4
   38084ns     5001 M 0000000080000958 0 0000e822 c.sdsp         s0, 16(sp)            s0  :0000000000000002 sp  :0000000080020ba0 VA: 0000000080020bb0 PA: 00000080020bb0
   38085ns     5002 M 000000008000095a 0 0000c43e c.swsp         a5, 8(sp)             a5  :0000000000000005 sp  :0000000080020ba0 VA: 0000000080020ba8 PA: 00000080020ba8
   38086ns     5003 M 000000008000095c 0 0000ec06 c.sdsp         ra, 24(sp)            ra  :0000000080000756 sp  :0000000080020ba0 VA: 0000000080020bb8 PA: 00000080020bb8
   38086ns     5003 M 000000008000095e 0 0000842e c.mv           s0, x0, a1            s0  :0000000080020bc8 a1  :0000000080020bc8
   38089ns     5006 M 0000000080000960 0 0000c602 c.swsp         x0, 12(sp)            sp  :0000000080020ba0 VA: 0000000080020bac PA: 00000080020bac
   38092ns     5009 M 0000000080000962 0 00074603 lbu            a2, 0(a4)             a2  :0000000000000000 a4  :0000000080020bc0 VA: 0000000080020bc0 PA: 00000080020bc0
   38092ns     5009 M 0000000080000966 0 9e018793 addi           a5, gp, -1568         a5  :0000000080000c28 gp  :0000000080001248
   38093ns     5010 M 000000008000096a 0 00004685 c.li           a3, 1                 a3  :0000000000000001
   38783ns     5700 M 000000008000096c 0 00d7a6af amoadd.w         a3, a3,(a5)         a3  :0000000000000000 a3  :0000000000000001 a5  :0000000080000c28
   38790ns     5707 M 0000000080000970 0 9dc18713 addi           a4, gp, -1572         a4  :0000000080000c24 gp  :0000000080001248
   38791ns     5708 M 0000000080000974 0 00002681 c.addiw        a3, a3, 0             a3  :0000000000000000 a3  :0000000000000000
   38819ns     5736 M 0000000080000976 0 0000431c c.lw           a5, 0(a4)             a5  :0000000000000000 a4  :0000000080000c24 VA: 0000000080000c24 PA: 00000080000c24
   38820ns     5737 M 0000000080000978 1 fef69fe3 bne            a3, a5, pc - 2        a3  :0000000000000000 a5  :0000000000000000
   38833ns     5750 M 000000008000097c 0 000047b2 c.lwsp         a5, 12(sp)            a5  :0000000000000000 sp  :0000000080020ba0 VA: 0000000080020bac PA: 00000080020bac
   38835ns     5752 M 000000008000097e 0 00004512 c.lwsp         a0, 4(sp)             a0  :0000000000000005 sp  :0000000080020ba0 VA: 0000000080020ba4 PA: 00000080020ba4
   39066ns     5983 M 0000000080000980 0 000045a2 c.lwsp         a1, 8(sp)             a1  :0000000000000005 sp  :0000000080020ba0 VA: 0000000080020ba8 PA: 00000080020ba8
   39066ns     5983 M 0000000080000982 0 0000468d c.li           a3, 3                 a3  :0000000000000003
   39067ns     5984 M 0000000080000984 0 00009fa9 c.addw         a5, a5, a0            a5  :0000000000000005 a5  :0000000000000000 a0  :0000000000000005
   39069ns     5986 M 0000000080000986 0 00009fad c.addw         a5, a5, a1            a5  :000000000000000a a5  :0000000000000005 a1  :0000000000000005
   39071ns     5988 M 0000000080000988 0 0000c63e c.swsp         a5, 12(sp)            a5  :000000000000000a sp  :0000000080020ba0 VA: 0000000080020bac PA: 00000080020bac
   39073ns     5990 M 000000008000098a 0 0000431c c.lw           a5, 0(a4)             a5  :0000000000000000 a4  :0000000080000c24 VA: 0000000080000c24 PA: 00000080000c24
   39075ns     5992 M 000000008000098c 0 00002785 c.addiw        a5, a5, 1             a5  :0000000000000001 a5  :0000000000000000
   39077ns     5994 M 000000008000098e 0 0000c31c c.sw           a5, 0(a4)             a5  :0000000000000001 a4  :0000000080000c24 VA: 0000000080000c24 PA: 00000080000c24
   39077ns     5994 M 0000000080000990 0 00d60763 beq            a2, a3, pc + 14       a2  :0000000000000000 a3  :0000000000000003
   39085ns     6002 M 0000000080000994 0 000060e2 c.ldsp         ra, 24(sp)            ra  :0000000080000756 sp  :0000000080020ba0 VA: 0000000080020bb8 PA: 00000080020bb8
   39087ns     6004 M 0000000080000996 0 00006442 c.ldsp         s0, 16(sp)            s0  :0000000000000002 sp  :0000000080020ba0 VA: 0000000080020bb0 PA: 00000080020bb0
   39087ns     6004 M 0000000080000998 0 00004501 c.li           a0, 0                 a0  :0000000000000000
   39088ns     6005 M 000000008000099a 0 00006105 c.lui          sp, 0x0               sp  :0000000080020bc0
   39088ns     6005 M 000000008000099c 0 00008082 c.jr           x0, ra, 0             ra  :0000000080000756
   39089ns     6006 M 0000000080000756 0 fc097913 andi           s2, s2, -64           s2  :0000000080020c00 s2  :0000000080020c0f
   39089ns     6006 M 000000008000075a 0 000089aa c.mv           s3, x0, a0            s3  :0000000000000000 a0  :0000000000000000
   39090ns     6007 M 000000008000075c 0 9ec18713 addi           a4, gp, -1556         a4  :0000000080000c34 gp  :0000000080001248
   39111ns     6028 M 0000000080000760 0 00004785 c.li           a5, 1                 a5  :0000000000000001
   39203ns     6120 M 0000000080000762 0 00f7202f amoadd.w         x0, a5,(a4)         a5  :0000000000000001 a4  :0000000080000c34
   39211ns     6128 M 0000000080000766 0 0004059b addiw          a1, s0, 0             a1  :0000000000000002 s0  :0000000000000002
   39232ns     6149 M 000000008000076a 0 0000431c c.lw           a5, 0(a4)             a5  :0000000000000001 a4  :0000000080000c34 VA: 0000000080000c34 PA: 00000080000c34
   39233ns     6150 M 000000008000076c 0 feb79fe3 bne            a5, a1, pc - 2        a5  :0000000000000001 a1  :0000000000000002
   39236ns     6153 M 000000008000076a 0 0000431c c.lw           a5, 0(a4)             a5  :0000000000000001 a4  :0000000080000c34 VA: 0000000080000c34 PA: 00000080000c34
   39237ns     6154 M 000000008000076c 0 feb79fe3 bne            a5, a1, pc - 2        a5  :0000000000000001 a1  :0000000000000002
   39240ns     6157 M 000000008000076a 0 0000431c c.lw           a5, 0(a4)             a5  :0000000000000001 a4  :0000000080000c34 VA: 0000000080000c34 PA: 00000080000c34
   39241ns     6158 M 000000008000076c 0 feb79fe3 bne            a5, a1, pc - 2        a5  :0000000000000001 a1  :0000000000000002
   39244ns     6161 M 000000008000076a 0 0000431c c.lw           a5, 0(a4)             a5  :0000000000000001 a4  :0000000080000c34 VA: 0000000080000c34 PA: 00000080000c34
   39245ns     6162 M 000000008000076c 0 feb79fe3 bne            a5, a1, pc - 2        a5  :0000000000000001 a1  :0000000000000002
   39248ns     6165 M 000000008000076a 0 0000431c c.lw           a5, 0(a4)             a5  :0000000000000001 a4  :0000000080000c34 VA: 0000000080000c34 PA: 00000080000c34
   39249ns     6166 M 000000008000076c 0 feb79fe3 bne            a5, a1, pc - 2        a5  :0000000000000001 a1  :0000000000000002
   39252ns     6169 M 000000008000076a 0 0000431c c.lw           a5, 0(a4)             a5  :0000000000000001 a4  :0000000080000c34 VA: 0000000080000c34 PA: 00000080000c34
   39253ns     6170 M 000000008000076c 1 feb79fe3 bne            a5, a1, pc - 2        a5  :0000000000000001 a1  :0000000000000002
   39261ns     6178 M 000000008000076a 0 0000431c c.lw           a5, 0(a4)             a5  :0000000000000001 a4  :0000000080000c34 VA: 0000000080000c34 PA: 00000080000c34
   39262ns     6179 M 000000008000076c 0 feb79fe3 bne            a5, a1, pc - 2        a5  :0000000000000001 a1  :0000000000000002
   39265ns     6182 M 000000008000076a 0 0000431c c.lw           a5, 0(a4)             a5  :0000000000000001 a4  :0000000080000c34 VA: 0000000080000c34 PA: 00000080000c34
   39266ns     6183 M 000000008000076c 0 feb79fe3 bne            a5, a1, pc - 2        a5  :0000000000000001 a1  :0000000000000002
   39269ns     6186 M 000000008000076a 0 0000431c c.lw           a5, 0(a4)             a5  :0000000000000001 a4  :0000000080000c34 VA: 0000000080000c34 PA: 00000080000c34
   39270ns     6187 M 000000008000076c 0 feb79fe3 bne            a5, a1, pc - 2        a5  :0000000000000001 a1  :0000000000000002
   39273ns     6190 M 000000008000076a 0 0000431c c.lw           a5, 0(a4)             a5  :0000000000000001 a4  :0000000080000c34 VA: 0000000080000c34 PA: 00000080000c34
   39274ns     6191 M 000000008000076c 0 feb79fe3 bne            a5, a1, pc - 2        a5  :0000000000000001 a1  :0000000000000002
   39277ns     6194 M 000000008000076a 0 0000431c c.lw           a5, 0(a4)             a5  :0000000000000001 a4  :0000000080000c34 VA: 0000000080000c34 PA: 00000080000c34
   39278ns     6195 M 000000008000076c 0 feb79fe3 bne            a5, a1, pc - 2        a5  :0000000000000001 a1  :0000000000000002
   39281ns     6198 M 000000008000076a 0 0000431c c.lw           a5, 0(a4)             a5  :0000000000000001 a4  :0000000080000c34 VA: 0000000080000c34 PA: 00000080000c34
   39282ns     6199 M 000000008000076c 0 feb79fe3 bne            a5, a1, pc - 2        a5  :0000000000000001 a1  :0000000000000002
   39285ns     6202 M 000000008000076a 0 0000431c c.lw           a5, 0(a4)             a5  :0000000000000001 a4  :0000000080000c34 VA: 0000000080000c34 PA: 00000080000c34
   39286ns     6203 M 000000008000076c 0 feb79fe3 bne            a5, a1, pc - 2        a5  :0000000000000001 a1  :0000000000000002
   39289ns     6206 M 000000008000076a 0 0000431c c.lw           a5, 0(a4)             a5  :0000000000000001 a4  :0000000080000c34 VA: 0000000080000c34 PA: 00000080000c34
   39290ns     6207 M 000000008000076c 0 feb79fe3 bne            a5, a1, pc - 2        a5  :0000000000000001 a1  :0000000000000002
   39293ns     6210 M 000000008000076a 0 0000431c c.lw           a5, 0(a4)             a5  :0000000000000001 a4  :0000000080000c34 VA: 0000000080000c34 PA: 00000080000c34
   39294ns     6211 M 000000008000076c 0 feb79fe3 bne            a5, a1, pc - 2        a5  :0000000000000001 a1  :0000000000000002
   39297ns     6214 M 000000008000076a 0 0000431c c.lw           a5, 0(a4)             a5  :0000000000000001 a4  :0000000080000c34 VA: 0000000080000c34 PA: 00000080000c34
   39298ns     6215 M 000000008000076c 0 feb79fe3 bne            a5, a1, pc - 2        a5  :0000000000000001 a1  :0000000000000002
   39301ns     6218 M 000000008000076a 0 0000431c c.lw           a5, 0(a4)             a5  :0000000000000001 a4  :0000000080000c34 VA: 0000000080000c34 PA: 00000080000c34
   39302ns     6219 M 000000008000076c 0 feb79fe3 bne            a5, a1, pc - 2        a5  :0000000000000001 a1  :0000000000000002
   39305ns     6222 M 000000008000076a 0 0000431c c.lw           a5, 0(a4)             a5  :0000000000000001 a4  :0000000080000c34 VA: 0000000080000c34 PA: 00000080000c34
   39306ns     6223 M 000000008000076c 0 feb79fe3 bne            a5, a1, pc - 2        a5  :0000000000000001 a1  :0000000000000002
   39309ns     6226 M 000000008000076a 0 0000431c c.lw           a5, 0(a4)             a5  :0000000000000001 a4  :0000000080000c34 VA: 0000000080000c34 PA: 00000080000c34
   39310ns     6227 M 000000008000076c 0 feb79fe3 bne            a5, a1, pc - 2        a5  :0000000000000001 a1  :0000000000000002
   39313ns     6230 M 000000008000076a 0 0000431c c.lw           a5, 0(a4)             a5  :0000000000000001 a4  :0000000080000c34 VA: 0000000080000c34 PA: 00000080000c34
   39314ns     6231 M 000000008000076c 0 feb79fe3 bne            a5, a1, pc - 2        a5  :0000000000000001 a1  :0000000000000002
   39377ns     6294 M 000000008000076a 0 0000431c c.lw           a5, 0(a4)             a5  :0000000000000001 a4  :0000000080000c34 VA: 0000000080000c34 PA: 00000080000c34
   39378ns     6295 M 000000008000076c 0 feb79fe3 bne            a5, a1, pc - 2        a5  :0000000000000001 a1  :0000000000000002
   39381ns     6298 M 000000008000076a 0 0000431c c.lw           a5, 0(a4)             a5  :0000000000000001 a4  :0000000080000c34 VA: 0000000080000c34 PA: 00000080000c34
   39382ns     6299 M 000000008000076c 0 feb79fe3 bne            a5, a1, pc - 2        a5  :0000000000000001 a1  :0000000000000002
   39385ns     6302 M 000000008000076a 0 0000431c c.lw           a5, 0(a4)             a5  :0000000000000001 a4  :0000000080000c34 VA: 0000000080000c34 PA: 00000080000c34
   39386ns     6303 M 000000008000076c 0 feb79fe3 bne            a5, a1, pc - 2        a5  :0000000000000001 a1  :0000000000000002
   39419ns     6336 M 000000008000076a 0 0000431c c.lw           a5, 0(a4)             a5  :0000000000000002 a4  :0000000080000c34 VA: 0000000080000c34 PA: 00000080000c34
   39420ns     6337 M 000000008000076c 1 feb79fe3 bne            a5, a1, pc - 2        a5  :0000000000000002 a1  :0000000000000002
   39426ns     6343 M 0000000080000770 0 0004871b addiw          a4, s1, 0             a4  :0000000000000000 s1  :0000000000000000
   39427ns     6344 M 0000000080000774 0 9e818413 addi           s0, gp, -1560         s0  :0000000080000c30 gp  :0000000080001248
   39430ns     6347 M 0000000080000778 0 0000401c c.lw           a5, 0(s0)             a5  :0000000000000000 s0  :0000000080000c30 VA: 0000000080000c30 PA: 00000080000c30
   39431ns     6348 M 000000008000077a 1 fee79fe3 bne            a5, a4, pc - 2        a5  :0000000000000000 a4  :0000000000000000
   39678ns     6595 M 000000008000077e 0 9f018a13 addi           s4, gp, -1552         s4  :0000000080000c38 gp  :0000000080001248
   39682ns     6599 M 0000000080000782 0 000a3703 ld             a4, 0(s4)             a4  :0000000000000000 s4  :0000000080000c38 VA: 0000000080000c38 PA: 00000080000c38
   39683ns     6600 M 0000000080000786 0 0000ef05 c.bnez         a4, pc + 56           a4  :0000000000000000
   39991ns     6908 M 0000000080000788 0 008a3703 ld             a4, 8(s4)             a4  :0000000000000000 s4  :0000000080000c38 VA: 0000000080000c40 PA: 00000080000c40
   39992ns     6909 M 000000008000078c 0 0000e719 c.bnez         a4, pc + 14           a4  :0000000000000000
   39993ns     6910 M 000000008000078e 0 00004785 c.li           a5, 1                 a5  :0000000000000001
   40053ns     6970 M 0000000080000790 0 00f4202f amoadd.w         x0, a5,(s0)         a5  :0000000000000001 s0  :0000000080000c30
   40237ns     7154 M 0000000080000794 0 0000854e c.mv           a0, x0, s3            a0  :0000000000000000 s3  :0000000000000000
   40238ns     7155 M 0000000080000796 0 e17ff0ef jal            ra, -490              ra  :000000008000079a
   40240ns     7157 M 00000000800005ac 0 00001141 c.addi         sp, sp, -16           sp  :0000000080020bb0 sp  :0000000080020bc0
   40242ns     7159 M 00000000800005ae 0 0000e406 c.sdsp         ra, 8(sp)             ra  :000000008000079a sp  :0000000080020bb0 VA: 0000000080020bb8 PA: 00000080020bb8
   40242ns     7159 M 00000000800005b0 0 fe3ff0ef jal            ra, -30               ra  :00000000800005b4
   40243ns     7160 M 0000000080000592 0 00001141 c.addi         sp, sp, -16           sp  :0000000080020ba0 sp  :0000000080020bb0
   40245ns     7162 M 0000000080000594 0 0000e406 c.sdsp         ra, 8(sp)             ra  :00000000800005b4 sp  :0000000080020ba0 VA: 0000000080020ba8 PA: 00000080020ba8
   40245ns     7162 M 0000000080000596 1 0000c119 c.beqz         a0, pc + 6            a0  :0000000000000000
   40277ns     7194 M 000000008000059c 0 fb9ff0ef jal            ra, -72               ra  :00000000800005a0
   40307ns     7224 M 0000000080000554 0 0000a001 c.j            x0, 0                
   40309ns     7226 M 0000000080000554 0 0000a001 c.j            x0, 0                
