core   0: 0x0000000000001000 (0x00000297) auipc   t0, 0x0
core   0: 3 0x0000000000001000 (0x00000297) x 5 0x0000000000001000
core   0: 0x0000000000001004 (0x02028593) addi    a1, t0, 32
core   0: 3 0x0000000000001004 (0x02028593) x11 0x0000000000001020
core   0: 0x0000000000001008 (0xf1402573) csrr    a0, mhartid
core   0: 3 0x0000000000001008 (0xf1402573) x10 0x0000000000000000
core   0: 0x000000000000100c (0x0182b283) ld      t0, 24(t0)
core   0: 3 0x000000000000100c (0x0182b283) x 5 0x0000000080000000 mem 0x0000000000001018
core   0: 0x0000000000001010 (0x00028067) jr      t0
core   0: 3 0x0000000000001010 (0x00028067)
core   0: >>>>  _start
core   0: 0x0000000080000000 (0x0000a8b9) c.j     pc + 94
core   0: 3 0x0000000080000000 (0xa8b9)
core   0: >>>>  reset_vector
core   0: 0x000000008000005e (0x00004081) c.li    ra, 0
core   0: 3 0x000000008000005e (0x4081) x 1 0x0000000000000000
core   0: 0x0000000080000060 (0x00004101) c.li    sp, 0
core   0: 3 0x0000000080000060 (0x4101) x 2 0x0000000000000000
core   0: 0x0000000080000062 (0x00004181) c.li    gp, 0
core   0: 3 0x0000000080000062 (0x4181) x 3 0x0000000000000000
core   0: 0x0000000080000064 (0x00004201) c.li    tp, 0
core   0: 3 0x0000000080000064 (0x4201) x 4 0x0000000000000000
core   0: 0x0000000080000066 (0x00004281) c.li    t0, 0
core   0: 3 0x0000000080000066 (0x4281) x 5 0x0000000000000000
core   0: 0x0000000080000068 (0x00004301) c.li    t1, 0
core   0: 3 0x0000000080000068 (0x4301) x 6 0x0000000000000000
core   0: 0x000000008000006a (0x00004381) c.li    t2, 0
core   0: 3 0x000000008000006a (0x4381) x 7 0x0000000000000000
core   0: 0x000000008000006c (0x00004401) c.li    s0, 0
core   0: 3 0x000000008000006c (0x4401) x 8 0x0000000000000000
core   0: 0x000000008000006e (0x00004481) c.li    s1, 0
core   0: 3 0x000000008000006e (0x4481) x 9 0x0000000000000000
core   0: 0x0000000080000070 (0x00004501) c.li    a0, 0
core   0: 3 0x0000000080000070 (0x4501) x10 0x0000000000000000
core   0: 0x0000000080000072 (0x00004581) c.li    a1, 0
core   0: 3 0x0000000080000072 (0x4581) x11 0x0000000000000000
core   0: 0x0000000080000074 (0x00004601) c.li    a2, 0
core   0: 3 0x0000000080000074 (0x4601) x12 0x0000000000000000
core   0: 0x0000000080000076 (0x00004681) c.li    a3, 0
core   0: 3 0x0000000080000076 (0x4681) x13 0x0000000000000000
core   0: 0x0000000080000078 (0x00004701) c.li    a4, 0
core   0: 3 0x0000000080000078 (0x4701) x14 0x0000000000000000
core   0: 0x000000008000007a (0x00004781) c.li    a5, 0
core   0: 3 0x000000008000007a (0x4781) x15 0x0000000000000000
core   0: 0x000000008000007c (0x00004801) c.li    a6, 0
core   0: 3 0x000000008000007c (0x4801) x16 0x0000000000000000
core   0: 0x000000008000007e (0x00004881) c.li    a7, 0
core   0: 3 0x000000008000007e (0x4881) x17 0x0000000000000000
core   0: 0x0000000080000080 (0x00004901) c.li    s2, 0
core   0: 3 0x0000000080000080 (0x4901) x18 0x0000000000000000
core   0: 0x0000000080000082 (0x00004981) c.li    s3, 0
core   0: 3 0x0000000080000082 (0x4981) x19 0x0000000000000000
core   0: 0x0000000080000084 (0x00004a01) c.li    s4, 0
core   0: 3 0x0000000080000084 (0x4a01) x20 0x0000000000000000
core   0: 0x0000000080000086 (0x00004a81) c.li    s5, 0
core   0: 3 0x0000000080000086 (0x4a81) x21 0x0000000000000000
core   0: 0x0000000080000088 (0x00004b01) c.li    s6, 0
core   0: 3 0x0000000080000088 (0x4b01) x22 0x0000000000000000
core   0: 0x000000008000008a (0x00004b81) c.li    s7, 0
core   0: 3 0x000000008000008a (0x4b81) x23 0x0000000000000000
core   0: 0x000000008000008c (0x00004c01) c.li    s8, 0
core   0: 3 0x000000008000008c (0x4c01) x24 0x0000000000000000
core   0: 0x000000008000008e (0x00004c81) c.li    s9, 0
core   0: 3 0x000000008000008e (0x4c81) x25 0x0000000000000000
core   0: 0x0000000080000090 (0x00004d01) c.li    s10, 0
core   0: 3 0x0000000080000090 (0x4d01) x26 0x0000000000000000
core   0: 0x0000000080000092 (0x00004d81) c.li    s11, 0
core   0: 3 0x0000000080000092 (0x4d81) x27 0x0000000000000000
core   0: 0x0000000080000094 (0x00004e01) c.li    t3, 0
core   0: 3 0x0000000080000094 (0x4e01) x28 0x0000000000000000
core   0: 0x0000000080000096 (0x00004e81) c.li    t4, 0
core   0: 3 0x0000000080000096 (0x4e81) x29 0x0000000000000000
core   0: 0x0000000080000098 (0x00004f01) c.li    t5, 0
core   0: 3 0x0000000080000098 (0x4f01) x30 0x0000000000000000
core   0: 0x000000008000009a (0x00004f81) c.li    t6, 0
core   0: 3 0x000000008000009a (0x4f81) x31 0x0000000000000000
core   0: 0x000000008000009c (0xf1402573) csrr    a0, mhartid
core   0: 3 0x000000008000009c (0xf1402573) x10 0x0000000000000000
core   0: 0x00000000800000a0 (0x0000e101) c.bnez  a0, pc + 0
core   0: 3 0x00000000800000a0 (0xe101)
core   0: 0x00000000800000a2 (0x30405073) csrwi   mie, 0
core   0: 3 0x00000000800000a2 (0x30405073) c772_mie 0x0000000000000000
core   0: 0x00000000800000a6 (0x00000297) auipc   t0, 0x0
core   0: 3 0x00000000800000a6 (0x00000297) x 5 0x00000000800000a6
core   0: 0x00000000800000aa (0x01628293) addi    t0, t0, 22
core   0: 3 0x00000000800000aa (0x01628293) x 5 0x00000000800000bc
core   0: 0x00000000800000ae (0x30529073) csrw    mtvec, t0
core   0: 3 0x00000000800000ae (0x30529073) c773_mtvec 0x00000000800000bc
core   0: 0x00000000800000b2 (0x30205073) csrwi   medeleg, 0
core   0: 3 0x00000000800000b2 (0x30205073) c770_medeleg 0x0000000000000000
core   0: 0x00000000800000b6 (0x30305073) csrwi   mideleg, 0
core   0: 3 0x00000000800000b6 (0x30305073) c771_mideleg 0x0000000000000000
core   0: 0x00000000800000ba (0x00000001) c.nop
core   0: 3 0x00000000800000ba (0x0001)
core   0: 0x00000000800000bc (0x00004181) c.li    gp, 0
core   0: 3 0x00000000800000bc (0x4181) x 3 0x0000000000000000
core   0: 0x00000000800000be (0x00000297) auipc   t0, 0x0
core   0: 3 0x00000000800000be (0x00000297) x 5 0x00000000800000be
core   0: 0x00000000800000c2 (0xf4628293) addi    t0, t0, -186
core   0: 3 0x00000000800000c2 (0xf4628293) x 5 0x0000000080000004
core   0: 0x00000000800000c6 (0x30529073) csrw    mtvec, t0
core   0: 3 0x00000000800000c6 (0x30529073) c773_mtvec 0x0000000080000004
core   0: 0x00000000800000ca (0x00004505) c.li    a0, 1
core   0: 3 0x00000000800000ca (0x4505) x10 0x0000000000000001
core   0: 0x00000000800000cc (0x0000057e) c.slli  a0, 31
core   0: 3 0x00000000800000cc (0x057e) x10 0x0000000080000000
core   0: 0x00000000800000ce (0x00055a63) bgez    a0, pc + 20
core   0: 3 0x00000000800000ce (0x00055a63)
core   0: 0x00000000800000e2 (0x00000293) li      t0, 0
core   0: 3 0x00000000800000e2 (0x00000293) x 5 0x0000000000000000
core   0: 0x00000000800000e6 (0x00028963) beqz    t0, pc + 18
core   0: 3 0x00000000800000e6 (0x00028963)
core   0: 0x00000000800000f8 (0x30005073) csrwi   mstatus, 0
core   0: 3 0x00000000800000f8 (0x30005073) c768_mstatus 0x0000000a00000000
core   0: 0x00000000800000fc (0x00000297) auipc   t0, 0x0
core   0: 3 0x00000000800000fc (0x00000297) x 5 0x00000000800000fc
core   0: 0x0000000080000100 (0x01428293) addi    t0, t0, 20
core   0: 3 0x0000000080000100 (0x01428293) x 5 0x0000000080000110
core   0: 0x0000000080000104 (0x34129073) csrw    mepc, t0
core   0: 3 0x0000000080000104 (0x34129073) c833_mepc 0x0000000080000110
core   0: 0x0000000080000108 (0xf1402573) csrr    a0, mhartid
core   0: 3 0x0000000080000108 (0xf1402573) x10 0x0000000000000000
core   0: 0x000000008000010c (0x30200073) mret
core   0: 3 0x000000008000010c (0x30200073) c768_mstatus 0x0000000a00000080
core   0: 0x0000000080000110 (0x0000418d) c.li    gp, 3
core   0: 0 0x0000000080000110 (0x418d) x 3 0x0000000000000003
core   0: 0x0000000080000112 (0x000040d1) c.li    ra, 20
core   0: 0 0x0000000080000112 (0x40d1) x 1 0x0000000000000014
core   0: 0x0000000080000114 (0x00002697) auipc   a3, 0x2
core   0: 0 0x0000000080000114 (0x00002697) x13 0x0000000080002114
core   0: 0x0000000080000118 (0xeec68693) addi    a3, a3, -276
core   0: 0 0x0000000080000118 (0xeec68693) x13 0x0000000080002000
core   0: >>>>  instr
core   0: 0x000000008000011c (0x000010fd) c.addi  ra, -1
core   0: 0 0x000000008000011c (0x10fd) x 1 0x0000000000000013
core   0: 0x000000008000011e (0x00004298) c.lw    a4, 0(a3)
core   0: 0 0x000000008000011e (0x4298) x14 0x0000000006627912 mem 0x0000000080002000
core   0: 0x0000000080000120 (0x0046ac03) lw      s8, 4(a3)
core   0: 0 0x0000000080000120 (0x0046ac03) x24 0x0000000006627912 mem 0x0000000080002004
core   0: 0x0000000080000124 (0x00004189) c.li    gp, 2
core   0: 0 0x0000000080000124 (0x4189) x 3 0x0000000000000002
core   0: 0x0000000080000126 (0x0000410d) c.li    sp, 3
core   0: 0 0x0000000080000126 (0x410d) x 2 0x0000000000000003
core   0: >>>>  add
core   0: 0x0000000080000128 (0x00218233) add     tp, gp, sp
core   0: 0 0x0000000080000128 (0x00218233) x 4 0x0000000000000005
core   0: 0x000000008000012c (0x01870fb3) add     t6, a4, s8
core   0: 0 0x000000008000012c (0x01870fb3) x31 0x000000000cc4f224
core   0: 0x0000000080000130 (0x000006a1) c.addi  a3, 8
core   0: 0 0x0000000080000130 (0x06a1) x13 0x0000000080002008
core   0: 0x0000000080000132 (0xfe1015e3) bne     zero, ra, pc - 22
core   0: 0 0x0000000080000132 (0xfe1015e3)
core   0: >>>>  instr
core   0: 0x000000008000011c (0x000010fd) c.addi  ra, -1
core   0: 0 0x000000008000011c (0x10fd) x 1 0x0000000000000012
core   0: 0x000000008000011e (0x00004298) c.lw    a4, 0(a3)
core   0: 0 0x000000008000011e (0x4298) x14 0x00000000584944fc mem 0x0000000080002008
core   0: 0x0000000080000120 (0x0046ac03) lw      s8, 4(a3)
core   0: 0 0x0000000080000120 (0x0046ac03) x24 0x00000000584944fc mem 0x000000008000200c
core   0: 0x0000000080000124 (0x00004189) c.li    gp, 2
core   0: 0 0x0000000080000124 (0x4189) x 3 0x0000000000000002
core   0: 0x0000000080000126 (0x0000410d) c.li    sp, 3
core   0: 0 0x0000000080000126 (0x410d) x 2 0x0000000000000003
core   0: >>>>  add
core   0: 0x0000000080000128 (0x00218233) add     tp, gp, sp
core   0: 0 0x0000000080000128 (0x00218233) x 4 0x0000000000000005
core   0: 0x000000008000012c (0x01870fb3) add     t6, a4, s8
core   0: 0 0x000000008000012c (0x01870fb3) x31 0x00000000b09289f8
core   0: 0x0000000080000130 (0x000006a1) c.addi  a3, 8
core   0: 0 0x0000000080000130 (0x06a1) x13 0x0000000080002010
core   0: 0x0000000080000132 (0xfe1015e3) bne     zero, ra, pc - 22
core   0: 0 0x0000000080000132 (0xfe1015e3)
core   0: >>>>  instr
core   0: 0x000000008000011c (0x000010fd) c.addi  ra, -1
core   0: 0 0x000000008000011c (0x10fd) x 1 0x0000000000000011
core   0: 0x000000008000011e (0x00004298) c.lw    a4, 0(a3)
core   0: 0 0x000000008000011e (0x4298) x14 0x00000000558f5366 mem 0x0000000080002010
core   0: 0x0000000080000120 (0x0046ac03) lw      s8, 4(a3)
core   0: 0 0x0000000080000120 (0x0046ac03) x24 0x00000000558f5366 mem 0x0000000080002014
core   0: 0x0000000080000124 (0x00004189) c.li    gp, 2
core   0: 0 0x0000000080000124 (0x4189) x 3 0x0000000000000002
core   0: 0x0000000080000126 (0x0000410d) c.li    sp, 3
core   0: 0 0x0000000080000126 (0x410d) x 2 0x0000000000000003
core   0: >>>>  add
core   0: 0x0000000080000128 (0x00218233) add     tp, gp, sp
core   0: 0 0x0000000080000128 (0x00218233) x 4 0x0000000000000005
core   0: 0x000000008000012c (0x01870fb3) add     t6, a4, s8
core   0: 0 0x000000008000012c (0x01870fb3) x31 0x00000000ab1ea6cc
core   0: 0x0000000080000130 (0x000006a1) c.addi  a3, 8
core   0: 0 0x0000000080000130 (0x06a1) x13 0x0000000080002018
core   0: 0x0000000080000132 (0xfe1015e3) bne     zero, ra, pc - 22
core   0: 0 0x0000000080000132 (0xfe1015e3)
core   0: >>>>  instr
core   0: 0x000000008000011c (0x000010fd) c.addi  ra, -1
core   0: 0 0x000000008000011c (0x10fd) x 1 0x0000000000000010
core   0: 0x000000008000011e (0x00004298) c.lw    a4, 0(a3)
core   0: 0 0x000000008000011e (0x4298) x14 0x0000000029df2fb1 mem 0x0000000080002018
core   0: 0x0000000080000120 (0x0046ac03) lw      s8, 4(a3)
core   0: 0 0x0000000080000120 (0x0046ac03) x24 0x0000000029df2fb1 mem 0x000000008000201c
core   0: 0x0000000080000124 (0x00004189) c.li    gp, 2
core   0: 0 0x0000000080000124 (0x4189) x 3 0x0000000000000002
core   0: 0x0000000080000126 (0x0000410d) c.li    sp, 3
core   0: 0 0x0000000080000126 (0x410d) x 2 0x0000000000000003
core   0: >>>>  add
core   0: 0x0000000080000128 (0x00218233) add     tp, gp, sp
core   0: 0 0x0000000080000128 (0x00218233) x 4 0x0000000000000005
core   0: 0x000000008000012c (0x01870fb3) add     t6, a4, s8
core   0: 0 0x000000008000012c (0x01870fb3) x31 0x0000000053be5f62
core   0: 0x0000000080000130 (0x000006a1) c.addi  a3, 8
core   0: 0 0x0000000080000130 (0x06a1) x13 0x0000000080002020
core   0: 0x0000000080000132 (0xfe1015e3) bne     zero, ra, pc - 22
core   0: 0 0x0000000080000132 (0xfe1015e3)
core   0: >>>>  instr
core   0: 0x000000008000011c (0x000010fd) c.addi  ra, -1
core   0: 0 0x000000008000011c (0x10fd) x 1 0x000000000000000f
core   0: 0x000000008000011e (0x00004298) c.lw    a4, 0(a3)
core   0: 0 0x000000008000011e (0x4298) x14 0x0000000040053e92 mem 0x0000000080002020
core   0: 0x0000000080000120 (0x0046ac03) lw      s8, 4(a3)
core   0: 0 0x0000000080000120 (0x0046ac03) x24 0x0000000040053e92 mem 0x0000000080002024
core   0: 0x0000000080000124 (0x00004189) c.li    gp, 2
core   0: 0 0x0000000080000124 (0x4189) x 3 0x0000000000000002
core   0: 0x0000000080000126 (0x0000410d) c.li    sp, 3
core   0: 0 0x0000000080000126 (0x410d) x 2 0x0000000000000003
core   0: >>>>  add
core   0: 0x0000000080000128 (0x00218233) add     tp, gp, sp
core   0: 0 0x0000000080000128 (0x00218233) x 4 0x0000000000000005
core   0: 0x000000008000012c (0x01870fb3) add     t6, a4, s8
core   0: 0 0x000000008000012c (0x01870fb3) x31 0x00000000800a7d24
core   0: 0x0000000080000130 (0x000006a1) c.addi  a3, 8
core   0: 0 0x0000000080000130 (0x06a1) x13 0x0000000080002028
core   0: 0x0000000080000132 (0xfe1015e3) bne     zero, ra, pc - 22
core   0: 0 0x0000000080000132 (0xfe1015e3)
core   0: >>>>  instr
core   0: 0x000000008000011c (0x000010fd) c.addi  ra, -1
core   0: 0 0x000000008000011c (0x10fd) x 1 0x000000000000000e
core   0: 0x000000008000011e (0x00004298) c.lw    a4, 0(a3)
core   0: 0 0x000000008000011e (0x4298) x14 0x0000000017010699 mem 0x0000000080002028
core   0: 0x0000000080000120 (0x0046ac03) lw      s8, 4(a3)
core   0: 0 0x0000000080000120 (0x0046ac03) x24 0x0000000017010699 mem 0x000000008000202c
core   0: 0x0000000080000124 (0x00004189) c.li    gp, 2
core   0: 0 0x0000000080000124 (0x4189) x 3 0x0000000000000002
core   0: 0x0000000080000126 (0x0000410d) c.li    sp, 3
core   0: 0 0x0000000080000126 (0x410d) x 2 0x0000000000000003
core   0: >>>>  add
core   0: 0x0000000080000128 (0x00218233) add     tp, gp, sp
core   0: 0 0x0000000080000128 (0x00218233) x 4 0x0000000000000005
core   0: 0x000000008000012c (0x01870fb3) add     t6, a4, s8
core   0: 0 0x000000008000012c (0x01870fb3) x31 0x000000002e020d32
core   0: 0x0000000080000130 (0x000006a1) c.addi  a3, 8
core   0: 0 0x0000000080000130 (0x06a1) x13 0x0000000080002030
core   0: 0x0000000080000132 (0xfe1015e3) bne     zero, ra, pc - 22
core   0: 0 0x0000000080000132 (0xfe1015e3)
core   0: >>>>  instr
core   0: 0x000000008000011c (0x000010fd) c.addi  ra, -1
core   0: 0 0x000000008000011c (0x10fd) x 1 0x000000000000000d
core   0: 0x000000008000011e (0x00004298) c.lw    a4, 0(a3)
core   0: 0 0x000000008000011e (0x4298) x14 0x00000000594b9169 mem 0x0000000080002030
core   0: 0x0000000080000120 (0x0046ac03) lw      s8, 4(a3)
core   0: 0 0x0000000080000120 (0x0046ac03) x24 0x00000000594b9169 mem 0x0000000080002034
core   0: 0x0000000080000124 (0x00004189) c.li    gp, 2
core   0: 0 0x0000000080000124 (0x4189) x 3 0x0000000000000002
core   0: 0x0000000080000126 (0x0000410d) c.li    sp, 3
core   0: 0 0x0000000080000126 (0x410d) x 2 0x0000000000000003
core   0: >>>>  add
core   0: 0x0000000080000128 (0x00218233) add     tp, gp, sp
core   0: 0 0x0000000080000128 (0x00218233) x 4 0x0000000000000005
core   0: 0x000000008000012c (0x01870fb3) add     t6, a4, s8
core   0: 0 0x000000008000012c (0x01870fb3) x31 0x00000000b29722d2
core   0: 0x0000000080000130 (0x000006a1) c.addi  a3, 8
core   0: 0 0x0000000080000130 (0x06a1) x13 0x0000000080002038
core   0: 0x0000000080000132 (0xfe1015e3) bne     zero, ra, pc - 22
core   0: 0 0x0000000080000132 (0xfe1015e3)
core   0: >>>>  instr
core   0: 0x000000008000011c (0x000010fd) c.addi  ra, -1
core   0: 0 0x000000008000011c (0x10fd) x 1 0x000000000000000c
core   0: 0x000000008000011e (0x00004298) c.lw    a4, 0(a3)
core   0: 0 0x000000008000011e (0x4298) x14 0x0000000064cd11c7 mem 0x0000000080002038
core   0: 0x0000000080000120 (0x0046ac03) lw      s8, 4(a3)
core   0: 0 0x0000000080000120 (0x0046ac03) x24 0x0000000064cd11c7 mem 0x000000008000203c
core   0: 0x0000000080000124 (0x00004189) c.li    gp, 2
core   0: 0 0x0000000080000124 (0x4189) x 3 0x0000000000000002
core   0: 0x0000000080000126 (0x0000410d) c.li    sp, 3
core   0: 0 0x0000000080000126 (0x410d) x 2 0x0000000000000003
core   0: >>>>  add
core   0: 0x0000000080000128 (0x00218233) add     tp, gp, sp
core   0: 0 0x0000000080000128 (0x00218233) x 4 0x0000000000000005
core   0: 0x000000008000012c (0x01870fb3) add     t6, a4, s8
core   0: 0 0x000000008000012c (0x01870fb3) x31 0x00000000c99a238e
core   0: 0x0000000080000130 (0x000006a1) c.addi  a3, 8
core   0: 0 0x0000000080000130 (0x06a1) x13 0x0000000080002040
core   0: 0x0000000080000132 (0xfe1015e3) bne     zero, ra, pc - 22
core   0: 0 0x0000000080000132 (0xfe1015e3)
core   0: >>>>  instr
core   0: 0x000000008000011c (0x000010fd) c.addi  ra, -1
core   0: 0 0x000000008000011c (0x10fd) x 1 0x000000000000000b
core   0: 0x000000008000011e (0x00004298) c.lw    a4, 0(a3)
core   0: 0 0x000000008000011e (0x4298) x14 0x000000006133a31e mem 0x0000000080002040
core   0: 0x0000000080000120 (0x0046ac03) lw      s8, 4(a3)
core   0: 0 0x0000000080000120 (0x0046ac03) x24 0x000000006133a31e mem 0x0000000080002044
core   0: 0x0000000080000124 (0x00004189) c.li    gp, 2
core   0: 0 0x0000000080000124 (0x4189) x 3 0x0000000000000002
core   0: 0x0000000080000126 (0x0000410d) c.li    sp, 3
core   0: 0 0x0000000080000126 (0x410d) x 2 0x0000000000000003
core   0: >>>>  add
core   0: 0x0000000080000128 (0x00218233) add     tp, gp, sp
core   0: 0 0x0000000080000128 (0x00218233) x 4 0x0000000000000005
core   0: 0x000000008000012c (0x01870fb3) add     t6, a4, s8
core   0: 0 0x000000008000012c (0x01870fb3) x31 0x00000000c267463c
core   0: 0x0000000080000130 (0x000006a1) c.addi  a3, 8
core   0: 0 0x0000000080000130 (0x06a1) x13 0x0000000080002048
core   0: 0x0000000080000132 (0xfe1015e3) bne     zero, ra, pc - 22
core   0: 0 0x0000000080000132 (0xfe1015e3)
core   0: >>>>  instr
core   0: 0x000000008000011c (0x000010fd) c.addi  ra, -1
core   0: 0 0x000000008000011c (0x10fd) x 1 0x000000000000000a
core   0: 0x000000008000011e (0x00004298) c.lw    a4, 0(a3)
core   0: 0 0x000000008000011e (0x4298) x14 0x000000002a9e3a3d mem 0x0000000080002048
core   0: 0x0000000080000120 (0x0046ac03) lw      s8, 4(a3)
core   0: 0 0x0000000080000120 (0x0046ac03) x24 0x000000002a9e3a3d mem 0x000000008000204c
core   0: 0x0000000080000124 (0x00004189) c.li    gp, 2
core   0: 0 0x0000000080000124 (0x4189) x 3 0x0000000000000002
core   0: 0x0000000080000126 (0x0000410d) c.li    sp, 3
core   0: 0 0x0000000080000126 (0x410d) x 2 0x0000000000000003
core   0: >>>>  add
core   0: 0x0000000080000128 (0x00218233) add     tp, gp, sp
core   0: 0 0x0000000080000128 (0x00218233) x 4 0x0000000000000005
core   0: 0x000000008000012c (0x01870fb3) add     t6, a4, s8
core   0: 0 0x000000008000012c (0x01870fb3) x31 0x00000000553c747a
core   0: 0x0000000080000130 (0x000006a1) c.addi  a3, 8
core   0: 0 0x0000000080000130 (0x06a1) x13 0x0000000080002050
core   0: 0x0000000080000132 (0xfe1015e3) bne     zero, ra, pc - 22
core   0: 0 0x0000000080000132 (0xfe1015e3)
core   0: >>>>  instr
core   0: 0x000000008000011c (0x000010fd) c.addi  ra, -1
core   0: 0 0x000000008000011c (0x10fd) x 1 0x0000000000000009
core   0: 0x000000008000011e (0x00004298) c.lw    a4, 0(a3)
core   0: 0 0x000000008000011e (0x4298) x14 0x0000000059f86117 mem 0x0000000080002050
core   0: 0x0000000080000120 (0x0046ac03) lw      s8, 4(a3)
core   0: 0 0x0000000080000120 (0x0046ac03) x24 0x0000000059f86117 mem 0x0000000080002054
core   0: 0x0000000080000124 (0x00004189) c.li    gp, 2
core   0: 0 0x0000000080000124 (0x4189) x 3 0x0000000000000002
core   0: 0x0000000080000126 (0x0000410d) c.li    sp, 3
core   0: 0 0x0000000080000126 (0x410d) x 2 0x0000000000000003
core   0: >>>>  add
core   0: 0x0000000080000128 (0x00218233) add     tp, gp, sp
core   0: 0 0x0000000080000128 (0x00218233) x 4 0x0000000000000005
core   0: 0x000000008000012c (0x01870fb3) add     t6, a4, s8
core   0: 0 0x000000008000012c (0x01870fb3) x31 0x00000000b3f0c22e
core   0: 0x0000000080000130 (0x000006a1) c.addi  a3, 8
core   0: 0 0x0000000080000130 (0x06a1) x13 0x0000000080002058
core   0: 0x0000000080000132 (0xfe1015e3) bne     zero, ra, pc - 22
core   0: 0 0x0000000080000132 (0xfe1015e3)
core   0: >>>>  instr
core   0: 0x000000008000011c (0x000010fd) c.addi  ra, -1
core   0: 0 0x000000008000011c (0x10fd) x 1 0x0000000000000008
core   0: 0x000000008000011e (0x00004298) c.lw    a4, 0(a3)
core   0: 0 0x000000008000011e (0x4298) x14 0x0000000039214611 mem 0x0000000080002058
core   0: 0x0000000080000120 (0x0046ac03) lw      s8, 4(a3)
core   0: 0 0x0000000080000120 (0x0046ac03) x24 0x0000000039214611 mem 0x000000008000205c
core   0: 0x0000000080000124 (0x00004189) c.li    gp, 2
core   0: 0 0x0000000080000124 (0x4189) x 3 0x0000000000000002
core   0: 0x0000000080000126 (0x0000410d) c.li    sp, 3
core   0: 0 0x0000000080000126 (0x410d) x 2 0x0000000000000003
core   0: >>>>  add
core   0: 0x0000000080000128 (0x00218233) add     tp, gp, sp
core   0: 0 0x0000000080000128 (0x00218233) x 4 0x0000000000000005
core   0: 0x000000008000012c (0x01870fb3) add     t6, a4, s8
core   0: 0 0x000000008000012c (0x01870fb3) x31 0x0000000072428c22
core   0: 0x0000000080000130 (0x000006a1) c.addi  a3, 8
core   0: 0 0x0000000080000130 (0x06a1) x13 0x0000000080002060
core   0: 0x0000000080000132 (0xfe1015e3) bne     zero, ra, pc - 22
core   0: 0 0x0000000080000132 (0xfe1015e3)
core   0: >>>>  instr
core   0: 0x000000008000011c (0x000010fd) c.addi  ra, -1
core   0: 0 0x000000008000011c (0x10fd) x 1 0x0000000000000007
core   0: 0x000000008000011e (0x00004298) c.lw    a4, 0(a3)
core   0: 0 0x000000008000011e (0x4298) x14 0x000000006ec633f5 mem 0x0000000080002060
core   0: 0x0000000080000120 (0x0046ac03) lw      s8, 4(a3)
core   0: 0 0x0000000080000120 (0x0046ac03) x24 0x000000006ec633f5 mem 0x0000000080002064
core   0: 0x0000000080000124 (0x00004189) c.li    gp, 2
core   0: 0 0x0000000080000124 (0x4189) x 3 0x0000000000000002
core   0: 0x0000000080000126 (0x0000410d) c.li    sp, 3
core   0: 0 0x0000000080000126 (0x410d) x 2 0x0000000000000003
core   0: >>>>  add
core   0: 0x0000000080000128 (0x00218233) add     tp, gp, sp
core   0: 0 0x0000000080000128 (0x00218233) x 4 0x0000000000000005
core   0: 0x000000008000012c (0x01870fb3) add     t6, a4, s8
core   0: 0 0x000000008000012c (0x01870fb3) x31 0x00000000dd8c67ea
core   0: 0x0000000080000130 (0x000006a1) c.addi  a3, 8
core   0: 0 0x0000000080000130 (0x06a1) x13 0x0000000080002068
core   0: 0x0000000080000132 (0xfe1015e3) bne     zero, ra, pc - 22
core   0: 0 0x0000000080000132 (0xfe1015e3)
core   0: >>>>  instr
core   0: 0x000000008000011c (0x000010fd) c.addi  ra, -1
core   0: 0 0x000000008000011c (0x10fd) x 1 0x0000000000000006
core   0: 0x000000008000011e (0x00004298) c.lw    a4, 0(a3)
core   0: 0 0x000000008000011e (0x4298) x14 0x000000004910a7b3 mem 0x0000000080002068
core   0: 0x0000000080000120 (0x0046ac03) lw      s8, 4(a3)
core   0: 0 0x0000000080000120 (0x0046ac03) x24 0x000000004910a7b3 mem 0x000000008000206c
core   0: 0x0000000080000124 (0x00004189) c.li    gp, 2
core   0: 0 0x0000000080000124 (0x4189) x 3 0x0000000000000002
core   0: 0x0000000080000126 (0x0000410d) c.li    sp, 3
core   0: 0 0x0000000080000126 (0x410d) x 2 0x0000000000000003
core   0: >>>>  add
core   0: 0x0000000080000128 (0x00218233) add     tp, gp, sp
core   0: 0 0x0000000080000128 (0x00218233) x 4 0x0000000000000005
core   0: 0x000000008000012c (0x01870fb3) add     t6, a4, s8
core   0: 0 0x000000008000012c (0x01870fb3) x31 0x0000000092214f66
core   0: 0x0000000080000130 (0x000006a1) c.addi  a3, 8
core   0: 0 0x0000000080000130 (0x06a1) x13 0x0000000080002070
core   0: 0x0000000080000132 (0xfe1015e3) bne     zero, ra, pc - 22
core   0: 0 0x0000000080000132 (0xfe1015e3)
core   0: >>>>  instr
core   0: 0x000000008000011c (0x000010fd) c.addi  ra, -1
core   0: 0 0x000000008000011c (0x10fd) x 1 0x0000000000000005
core   0: 0x000000008000011e (0x00004298) c.lw    a4, 0(a3)
core   0: 0 0x000000008000011e (0x4298) x14 0x000000003392ec72 mem 0x0000000080002070
core   0: 0x0000000080000120 (0x0046ac03) lw      s8, 4(a3)
core   0: 0 0x0000000080000120 (0x0046ac03) x24 0x000000003392ec72 mem 0x0000000080002074
core   0: 0x0000000080000124 (0x00004189) c.li    gp, 2
core   0: 0 0x0000000080000124 (0x4189) x 3 0x0000000000000002
core   0: 0x0000000080000126 (0x0000410d) c.li    sp, 3
core   0: 0 0x0000000080000126 (0x410d) x 2 0x0000000000000003
core   0: >>>>  add
core   0: 0x0000000080000128 (0x00218233) add     tp, gp, sp
core   0: 0 0x0000000080000128 (0x00218233) x 4 0x0000000000000005
core   0: 0x000000008000012c (0x01870fb3) add     t6, a4, s8
core   0: 0 0x000000008000012c (0x01870fb3) x31 0x000000006725d8e4
core   0: 0x0000000080000130 (0x000006a1) c.addi  a3, 8
core   0: 0 0x0000000080000130 (0x06a1) x13 0x0000000080002078
core   0: 0x0000000080000132 (0xfe1015e3) bne     zero, ra, pc - 22
core   0: 0 0x0000000080000132 (0xfe1015e3)
core   0: >>>>  instr
core   0: 0x000000008000011c (0x000010fd) c.addi  ra, -1
core   0: 0 0x000000008000011c (0x10fd) x 1 0x0000000000000004
core   0: 0x000000008000011e (0x00004298) c.lw    a4, 0(a3)
core   0: 0 0x000000008000011e (0x4298) x14 0x000000006c3af175 mem 0x0000000080002078
core   0: 0x0000000080000120 (0x0046ac03) lw      s8, 4(a3)
core   0: 0 0x0000000080000120 (0x0046ac03) x24 0x000000006c3af175 mem 0x000000008000207c
core   0: 0x0000000080000124 (0x00004189) c.li    gp, 2
core   0: 0 0x0000000080000124 (0x4189) x 3 0x0000000000000002
core   0: 0x0000000080000126 (0x0000410d) c.li    sp, 3
core   0: 0 0x0000000080000126 (0x410d) x 2 0x0000000000000003
core   0: >>>>  add
core   0: 0x0000000080000128 (0x00218233) add     tp, gp, sp
core   0: 0 0x0000000080000128 (0x00218233) x 4 0x0000000000000005
core   0: 0x000000008000012c (0x01870fb3) add     t6, a4, s8
core   0: 0 0x000000008000012c (0x01870fb3) x31 0x00000000d875e2ea
core   0: 0x0000000080000130 (0x000006a1) c.addi  a3, 8
core   0: 0 0x0000000080000130 (0x06a1) x13 0x0000000080002080
core   0: 0x0000000080000132 (0xfe1015e3) bne     zero, ra, pc - 22
core   0: 0 0x0000000080000132 (0xfe1015e3)
core   0: >>>>  instr
core   0: 0x000000008000011c (0x000010fd) c.addi  ra, -1
core   0: 0 0x000000008000011c (0x10fd) x 1 0x0000000000000003
core   0: 0x000000008000011e (0x00004298) c.lw    a4, 0(a3)
core   0: 0 0x000000008000011e (0x4298) x14 0x0000000074555adb mem 0x0000000080002080
core   0: 0x0000000080000120 (0x0046ac03) lw      s8, 4(a3)
core   0: 0 0x0000000080000120 (0x0046ac03) x24 0x0000000074555adb mem 0x0000000080002084
core   0: 0x0000000080000124 (0x00004189) c.li    gp, 2
core   0: 0 0x0000000080000124 (0x4189) x 3 0x0000000000000002
core   0: 0x0000000080000126 (0x0000410d) c.li    sp, 3
core   0: 0 0x0000000080000126 (0x410d) x 2 0x0000000000000003
core   0: >>>>  add
core   0: 0x0000000080000128 (0x00218233) add     tp, gp, sp
core   0: 0 0x0000000080000128 (0x00218233) x 4 0x0000000000000005
core   0: 0x000000008000012c (0x01870fb3) add     t6, a4, s8
core   0: 0 0x000000008000012c (0x01870fb3) x31 0x00000000e8aab5b6
core   0: 0x0000000080000130 (0x000006a1) c.addi  a3, 8
core   0: 0 0x0000000080000130 (0x06a1) x13 0x0000000080002088
core   0: 0x0000000080000132 (0xfe1015e3) bne     zero, ra, pc - 22
core   0: 0 0x0000000080000132 (0xfe1015e3)
core   0: >>>>  instr
core   0: 0x000000008000011c (0x000010fd) c.addi  ra, -1
core   0: 0 0x000000008000011c (0x10fd) x 1 0x0000000000000002
core   0: 0x000000008000011e (0x00004298) c.lw    a4, 0(a3)
core   0: 0 0x000000008000011e (0x4298) x14 0x00000000360a50f7 mem 0x0000000080002088
core   0: 0x0000000080000120 (0x0046ac03) lw      s8, 4(a3)
core   0: 0 0x0000000080000120 (0x0046ac03) x24 0x00000000360a50f7 mem 0x000000008000208c
core   0: 0x0000000080000124 (0x00004189) c.li    gp, 2
core   0: 0 0x0000000080000124 (0x4189) x 3 0x0000000000000002
core   0: 0x0000000080000126 (0x0000410d) c.li    sp, 3
core   0: 0 0x0000000080000126 (0x410d) x 2 0x0000000000000003
core   0: >>>>  add
core   0: 0x0000000080000128 (0x00218233) add     tp, gp, sp
core   0: 0 0x0000000080000128 (0x00218233) x 4 0x0000000000000005
core   0: 0x000000008000012c (0x01870fb3) add     t6, a4, s8
core   0: 0 0x000000008000012c (0x01870fb3) x31 0x000000006c14a1ee
core   0: 0x0000000080000130 (0x000006a1) c.addi  a3, 8
core   0: 0 0x0000000080000130 (0x06a1) x13 0x0000000080002090
core   0: 0x0000000080000132 (0xfe1015e3) bne     zero, ra, pc - 22
core   0: 0 0x0000000080000132 (0xfe1015e3)
core   0: >>>>  instr
core   0: 0x000000008000011c (0x000010fd) c.addi  ra, -1
core   0: 0 0x000000008000011c (0x10fd) x 1 0x0000000000000001
core   0: 0x000000008000011e (0x00004298) c.lw    a4, 0(a3)
core   0: 0 0x000000008000011e (0x4298) x14 0x0000000039febbec mem 0x0000000080002090
core   0: 0x0000000080000120 (0x0046ac03) lw      s8, 4(a3)
core   0: 0 0x0000000080000120 (0x0046ac03) x24 0x0000000039febbec mem 0x0000000080002094
core   0: 0x0000000080000124 (0x00004189) c.li    gp, 2
core   0: 0 0x0000000080000124 (0x4189) x 3 0x0000000000000002
core   0: 0x0000000080000126 (0x0000410d) c.li    sp, 3
core   0: 0 0x0000000080000126 (0x410d) x 2 0x0000000000000003
core   0: >>>>  add
core   0: 0x0000000080000128 (0x00218233) add     tp, gp, sp
core   0: 0 0x0000000080000128 (0x00218233) x 4 0x0000000000000005
core   0: 0x000000008000012c (0x01870fb3) add     t6, a4, s8
core   0: 0 0x000000008000012c (0x01870fb3) x31 0x0000000073fd77d8
core   0: 0x0000000080000130 (0x000006a1) c.addi  a3, 8
core   0: 0 0x0000000080000130 (0x06a1) x13 0x0000000080002098
core   0: 0x0000000080000132 (0xfe1015e3) bne     zero, ra, pc - 22
core   0: 0 0x0000000080000132 (0xfe1015e3)
core   0: >>>>  instr
core   0: 0x000000008000011c (0x000010fd) c.addi  ra, -1
core   0: 0 0x000000008000011c (0x10fd) x 1 0x0000000000000000
core   0: 0x000000008000011e (0x00004298) c.lw    a4, 0(a3)
core   0: 0 0x000000008000011e (0x4298) x14 0x0000000028cb8c74 mem 0x0000000080002098
core   0: 0x0000000080000120 (0x0046ac03) lw      s8, 4(a3)
core   0: 0 0x0000000080000120 (0x0046ac03) x24 0x0000000028cb8c74 mem 0x000000008000209c
core   0: 0x0000000080000124 (0x00004189) c.li    gp, 2
core   0: 0 0x0000000080000124 (0x4189) x 3 0x0000000000000002
core   0: 0x0000000080000126 (0x0000410d) c.li    sp, 3
core   0: 0 0x0000000080000126 (0x410d) x 2 0x0000000000000003
core   0: >>>>  add
core   0: 0x0000000080000128 (0x00218233) add     tp, gp, sp
core   0: 0 0x0000000080000128 (0x00218233) x 4 0x0000000000000005
core   0: 0x000000008000012c (0x01870fb3) add     t6, a4, s8
core   0: 0 0x000000008000012c (0x01870fb3) x31 0x00000000519718e8
core   0: 0x0000000080000130 (0x000006a1) c.addi  a3, 8
core   0: 0 0x0000000080000130 (0x06a1) x13 0x00000000800020a0
core   0: 0x0000000080000132 (0xfe1015e3) bne     zero, ra, pc - 22
core   0: 0 0x0000000080000132 (0xfe1015e3)
core   0: 0x0000000080000136 (0x00301f63) bne     zero, gp, pc + 30
core   0: 0 0x0000000080000136 (0x00301f63)
core   0: >>>>  pass
core   0: 0x0000000080000154 (0x0ff0000f) fence   iorw,iorw
core   0: 0 0x0000000080000154 (0x0ff0000f)
core   0: 0x0000000080000158 (0x00004185) c.li    gp, 1
core   0: 0 0x0000000080000158 (0x4185) x 3 0x0000000000000001
core   0: 0x000000008000015a (0x05d00893) li      a7, 93
core   0: 0 0x000000008000015a (0x05d00893) x17 0x000000000000005d
core   0: 0x000000008000015e (0x00004501) c.li    a0, 0
core   0: 0 0x000000008000015e (0x4501) x10 0x0000000000000000
core   0: 0x0000000080000160 (0x00000073) ecall
core   0: exception trap_user_ecall, epc 0x0000000080000160
core   0: >>>>  trap_vector
core   0: 0x0000000080000004 (0x34202f73) csrr    t5, mcause
core   0: 3 0x0000000080000004 (0x34202f73) x30 0x0000000000000008
core   0: 0x0000000080000008 (0x00004fa1) c.li    t6, 8
core   0: 3 0x0000000080000008 (0x4fa1) x31 0x0000000000000008
core   0: 0x000000008000000a (0x03ff0463) beq     t5, t6, pc + 40
core   0: 3 0x000000008000000a (0x03ff0463)
core   0: >>>>  write_tohost
core   0: 0x0000000080000032 (0x00001f17) auipc   t5, 0x1
core   0: 3 0x0000000080000032 (0x00001f17) x30 0x0000000080001032
core   0: 0x0000000080000036 (0xfc3f2723) sw      gp, -50(t5)
core   0: 3 0x0000000080000036 (0xfc3f2723) mem 0x0000000080001000 0x00000001
core   0: >>>>  shakti_end
core   0: 0x000000008000003a (0x0000100f) fence.i
core   0: 3 0x000000008000003a (0x0000100f)
core   0: 0x000000008000003e (0x00020fb7) lui     t6, 0x20
core   0: 3 0x000000008000003e (0x00020fb7) x31 0x0000000000020000
core   0: 0x0000000080000042 (0x00002f17) auipc   t5, 0x2
core   0: 3 0x0000000080000042 (0x00002f17) x30 0x0000000080002042
core   0: 0x0000000080000046 (0xfbef0f13) addi    t5, t5, -66
core   0: 3 0x0000000080000046 (0xfbef0f13) x30 0x0000000080002000
core   0: 0x000000008000004a (0x01efa023) sw      t5, 0(t6)
core   0: exception trap_store_access_fault, epc 0x000000008000004a
core   0:           tval 0x0000000000020000
